<?xml version="1.0" encoding="UTF-8"?>
<testsuite xmlns:xsi="http://www.w3.org/2001/XMLSchema-instance" xsi:noNamespaceSchemaLocation="https://maven.apache.org/surefire/maven-surefire-plugin/xsd/surefire-test-report-3.0.xsd" version="3.0" name="crux.CompilerStageTests" time="16.101" tests="45" errors="45" skipped="0" failures="0">
  <properties>
    <property name="java.specification.version" value="21"/>
    <property name="sun.jnu.encoding" value="UTF-8"/>
    <property name="java.class.path" value="/Users/chiubacca/Desktop/Programs/142a/target/test-classes:/Users/chiubacca/Desktop/Programs/142a/target/classes:/Users/chiubacca/.m2/repository/org/antlr/antlr4-runtime/4.7.2/antlr4-runtime-4.7.2.jar:/Users/chiubacca/.m2/repository/org/junit/jupiter/junit-jupiter-api/5.5.2/junit-jupiter-api-5.5.2.jar:/Users/chiubacca/.m2/repository/org/apiguardian/apiguardian-api/1.1.0/apiguardian-api-1.1.0.jar:/Users/chiubacca/.m2/repository/org/opentest4j/opentest4j/1.2.0/opentest4j-1.2.0.jar:/Users/chiubacca/.m2/repository/org/junit/platform/junit-platform-commons/1.5.2/junit-platform-commons-1.5.2.jar:/Users/chiubacca/.m2/repository/org/junit/jupiter/junit-jupiter-engine/5.5.2/junit-jupiter-engine-5.5.2.jar:/Users/chiubacca/.m2/repository/org/junit/platform/junit-platform-engine/1.5.2/junit-platform-engine-1.5.2.jar:"/>
    <property name="java.vm.vendor" value="Homebrew"/>
    <property name="sun.arch.data.model" value="64"/>
    <property name="java.vendor.url" value="https://github.com/Homebrew/homebrew-core/issues"/>
    <property name="os.name" value="Mac OS X"/>
    <property name="java.vm.specification.version" value="21"/>
    <property name="sun.java.launcher" value="SUN_STANDARD"/>
    <property name="user.country" value="US"/>
    <property name="sun.boot.library.path" value="/usr/local/Cellar/openjdk/21.0.3/libexec/openjdk.jdk/Contents/Home/lib"/>
    <property name="sun.java.command" value="/Users/chiubacca/Desktop/Programs/142a/target/surefire/surefirebooter1521704851143887102.jar /Users/chiubacca/Desktop/Programs/142a/target/surefire 2024-06-18T16-24-47_288-jvmRun1 surefire5989435776041216158tmp surefire_06190214375894116622tmp"/>
    <property name="jdk.debug" value="release"/>
    <property name="surefire.test.class.path" value="/Users/chiubacca/Desktop/Programs/142a/target/test-classes:/Users/chiubacca/Desktop/Programs/142a/target/classes:/Users/chiubacca/.m2/repository/org/antlr/antlr4-runtime/4.7.2/antlr4-runtime-4.7.2.jar:/Users/chiubacca/.m2/repository/org/junit/jupiter/junit-jupiter-api/5.5.2/junit-jupiter-api-5.5.2.jar:/Users/chiubacca/.m2/repository/org/apiguardian/apiguardian-api/1.1.0/apiguardian-api-1.1.0.jar:/Users/chiubacca/.m2/repository/org/opentest4j/opentest4j/1.2.0/opentest4j-1.2.0.jar:/Users/chiubacca/.m2/repository/org/junit/platform/junit-platform-commons/1.5.2/junit-platform-commons-1.5.2.jar:/Users/chiubacca/.m2/repository/org/junit/jupiter/junit-jupiter-engine/5.5.2/junit-jupiter-engine-5.5.2.jar:/Users/chiubacca/.m2/repository/org/junit/platform/junit-platform-engine/1.5.2/junit-platform-engine-1.5.2.jar:"/>
    <property name="sun.cpu.endian" value="little"/>
    <property name="user.home" value="/Users/chiubacca"/>
    <property name="user.language" value="en"/>
    <property name="java.specification.vendor" value="Oracle Corporation"/>
    <property name="java.version.date" value="2024-04-16"/>
    <property name="java.home" value="/usr/local/Cellar/openjdk/21.0.3/libexec/openjdk.jdk/Contents/Home"/>
    <property name="file.separator" value="/"/>
    <property name="basedir" value="/Users/chiubacca/Desktop/Programs/142a"/>
    <property name="java.vm.compressedOopsMode" value="Zero based"/>
    <property name="line.separator" value="&#10;"/>
    <property name="java.specification.name" value="Java Platform API Specification"/>
    <property name="java.vm.specification.vendor" value="Oracle Corporation"/>
    <property name="apple.awt.application.name" value="ForkedBooter"/>
    <property name="surefire.real.class.path" value="/Users/chiubacca/Desktop/Programs/142a/target/surefire/surefirebooter1521704851143887102.jar"/>
    <property name="sun.management.compiler" value="HotSpot 64-Bit Tiered Compilers"/>
    <property name="java.runtime.version" value="21.0.3"/>
    <property name="user.name" value="chiubacca"/>
    <property name="stdout.encoding" value="UTF-8"/>
    <property name="path.separator" value=":"/>
    <property name="os.version" value="13.2.1"/>
    <property name="java.runtime.name" value="OpenJDK Runtime Environment"/>
    <property name="file.encoding" value="UTF-8"/>
    <property name="java.vm.name" value="OpenJDK 64-Bit Server VM"/>
    <property name="java.vendor.version" value="Homebrew"/>
    <property name="localRepository" value="/Users/chiubacca/.m2/repository"/>
    <property name="java.vendor.url.bug" value="https://github.com/Homebrew/homebrew-core/issues"/>
    <property name="java.io.tmpdir" value="/var/folders/c2/1_lwdw0d2l54rhr2jzq9b1s00000gn/T/"/>
    <property name="java.version" value="21.0.3"/>
    <property name="user.dir" value="/Users/chiubacca/Desktop/Programs/142a"/>
    <property name="os.arch" value="x86_64"/>
    <property name="java.vm.specification.name" value="Java Virtual Machine Specification"/>
    <property name="native.encoding" value="UTF-8"/>
    <property name="java.library.path" value="/Users/chiubacca/Library/Java/Extensions:/Library/Java/Extensions:/Network/Library/Java/Extensions:/System/Library/Java/Extensions:/usr/lib/java:."/>
    <property name="java.vm.info" value="mixed mode, sharing"/>
    <property name="stderr.encoding" value="UTF-8"/>
    <property name="java.vendor" value="Homebrew"/>
    <property name="java.vm.version" value="21.0.3"/>
    <property name="sun.io.unicode.encoding" value="UnicodeBig"/>
    <property name="java.class.version" value="65.0"/>
  </properties>
  <testcase name="codegen" classname="crux.CompilerStageTests" time="1.503">
    <error type="java.util.concurrent.ExecutionException"><![CDATA[java.util.concurrent.ExecutionException: java.lang.Error: Assembling and linking failed
	at crux.CompilerStageTests.lambda$codegen$9(CompilerStageTests.java:299)
Caused by: java.lang.Error: Assembling and linking failed
]]></error>
  </testcase>
  <testcase name="codegen" classname="crux.CompilerStageTests" time="0.817">
    <error type="java.util.concurrent.ExecutionException"><![CDATA[java.util.concurrent.ExecutionException: java.lang.Error: Assembling and linking failed
	at crux.CompilerStageTests.lambda$codegen$9(CompilerStageTests.java:299)
Caused by: java.lang.Error: Assembling and linking failed
]]></error>
  </testcase>
  <testcase name="codegen" classname="crux.CompilerStageTests" time="0.391">
    <error type="java.util.concurrent.ExecutionException"><![CDATA[java.util.concurrent.ExecutionException: java.lang.Error: Assembling and linking failed
	at crux.CompilerStageTests.lambda$codegen$9(CompilerStageTests.java:299)
Caused by: java.lang.Error: Assembling and linking failed
]]></error>
  </testcase>
  <testcase name="codegen" classname="crux.CompilerStageTests" time="0.337">
    <error type="java.util.concurrent.ExecutionException"><![CDATA[java.util.concurrent.ExecutionException: java.lang.Error: Assembling and linking failed
	at crux.CompilerStageTests.lambda$codegen$9(CompilerStageTests.java:299)
Caused by: java.lang.Error: Assembling and linking failed
]]></error>
  </testcase>
  <testcase name="codegen" classname="crux.CompilerStageTests" time="0.499">
    <error type="java.util.concurrent.ExecutionException"><![CDATA[java.util.concurrent.ExecutionException: java.lang.Error: Assembling and linking failed
	at crux.CompilerStageTests.lambda$codegen$9(CompilerStageTests.java:299)
Caused by: java.lang.Error: Assembling and linking failed
]]></error>
  </testcase>
  <testcase name="codegen" classname="crux.CompilerStageTests" time="0.332">
    <error type="java.util.concurrent.ExecutionException"><![CDATA[java.util.concurrent.ExecutionException: java.lang.Error: Assembling and linking failed
	at crux.CompilerStageTests.lambda$codegen$9(CompilerStageTests.java:299)
Caused by: java.lang.Error: Assembling and linking failed
]]></error>
  </testcase>
  <testcase name="codegen" classname="crux.CompilerStageTests" time="0.264">
    <error type="java.util.concurrent.ExecutionException"><![CDATA[java.util.concurrent.ExecutionException: java.lang.Error: Assembling and linking failed
	at crux.CompilerStageTests.lambda$codegen$9(CompilerStageTests.java:299)
Caused by: java.lang.Error: Assembling and linking failed
]]></error>
  </testcase>
  <testcase name="codegen" classname="crux.CompilerStageTests" time="0.224">
    <error type="java.util.concurrent.ExecutionException"><![CDATA[java.util.concurrent.ExecutionException: java.lang.Error: Assembling and linking failed
	at crux.CompilerStageTests.lambda$codegen$9(CompilerStageTests.java:299)
Caused by: java.lang.Error: Assembling and linking failed
]]></error>
  </testcase>
  <testcase name="codegen" classname="crux.CompilerStageTests" time="0.213">
    <error type="java.util.concurrent.ExecutionException"><![CDATA[java.util.concurrent.ExecutionException: java.lang.Error: Assembling and linking failed
	at crux.CompilerStageTests.lambda$codegen$9(CompilerStageTests.java:299)
Caused by: java.lang.Error: Assembling and linking failed
]]></error>
  </testcase>
  <testcase name="codegen" classname="crux.CompilerStageTests" time="0.266">
    <error type="java.util.concurrent.ExecutionException"><![CDATA[java.util.concurrent.ExecutionException: java.lang.Error: Assembling and linking failed
	at crux.CompilerStageTests.lambda$codegen$9(CompilerStageTests.java:299)
Caused by: java.lang.Error: Assembling and linking failed
]]></error>
  </testcase>
  <testcase name="codegen" classname="crux.CompilerStageTests" time="0.234">
    <error type="java.util.concurrent.ExecutionException"><![CDATA[java.util.concurrent.ExecutionException: java.lang.Error: Assembling and linking failed
	at crux.CompilerStageTests.lambda$codegen$9(CompilerStageTests.java:299)
Caused by: java.lang.Error: Assembling and linking failed
]]></error>
  </testcase>
  <testcase name="codegen" classname="crux.CompilerStageTests" time="0.222">
    <error type="java.util.concurrent.ExecutionException"><![CDATA[java.util.concurrent.ExecutionException: java.lang.Error: Assembling and linking failed
	at crux.CompilerStageTests.lambda$codegen$9(CompilerStageTests.java:299)
Caused by: java.lang.Error: Assembling and linking failed
]]></error>
  </testcase>
  <testcase name="codegen" classname="crux.CompilerStageTests" time="0.2">
    <error type="java.util.concurrent.ExecutionException"><![CDATA[java.util.concurrent.ExecutionException: java.lang.Error: Assembling and linking failed
	at crux.CompilerStageTests.lambda$codegen$9(CompilerStageTests.java:299)
Caused by: java.lang.Error: Assembling and linking failed
]]></error>
  </testcase>
  <testcase name="codegen" classname="crux.CompilerStageTests" time="0.182">
    <error type="java.util.concurrent.ExecutionException"><![CDATA[java.util.concurrent.ExecutionException: java.lang.Error: Assembling and linking failed
	at crux.CompilerStageTests.lambda$codegen$9(CompilerStageTests.java:299)
Caused by: java.lang.Error: Assembling and linking failed
]]></error>
  </testcase>
  <testcase name="codegen" classname="crux.CompilerStageTests" time="0.219">
    <error type="java.util.concurrent.ExecutionException"><![CDATA[java.util.concurrent.ExecutionException: java.lang.Error: Assembling and linking failed
	at crux.CompilerStageTests.lambda$codegen$9(CompilerStageTests.java:299)
Caused by: java.lang.Error: Assembling and linking failed
]]></error>
  </testcase>
  <testcase name="codegen" classname="crux.CompilerStageTests" time="0.23">
    <error type="java.util.concurrent.ExecutionException"><![CDATA[java.util.concurrent.ExecutionException: java.lang.Error: Assembling and linking failed
	at crux.CompilerStageTests.lambda$codegen$9(CompilerStageTests.java:299)
Caused by: java.lang.Error: Assembling and linking failed
]]></error>
  </testcase>
  <testcase name="codegen" classname="crux.CompilerStageTests" time="0.285">
    <error type="java.util.concurrent.ExecutionException"><![CDATA[java.util.concurrent.ExecutionException: java.lang.Error: Assembling and linking failed
	at crux.CompilerStageTests.lambda$codegen$9(CompilerStageTests.java:299)
Caused by: java.lang.Error: Assembling and linking failed
]]></error>
  </testcase>
  <testcase name="codegen" classname="crux.CompilerStageTests" time="0.202">
    <error type="java.util.concurrent.ExecutionException"><![CDATA[java.util.concurrent.ExecutionException: java.lang.Error: Assembling and linking failed
	at crux.CompilerStageTests.lambda$codegen$9(CompilerStageTests.java:299)
Caused by: java.lang.Error: Assembling and linking failed
]]></error>
  </testcase>
  <testcase name="codegen" classname="crux.CompilerStageTests" time="0.205">
    <error type="java.util.concurrent.ExecutionException"><![CDATA[java.util.concurrent.ExecutionException: java.lang.Error: Assembling and linking failed
	at crux.CompilerStageTests.lambda$codegen$9(CompilerStageTests.java:299)
Caused by: java.lang.Error: Assembling and linking failed
]]></error>
  </testcase>
  <testcase name="codegen" classname="crux.CompilerStageTests" time="0.187">
    <error type="java.util.concurrent.ExecutionException"><![CDATA[java.util.concurrent.ExecutionException: java.lang.Error: Assembling and linking failed
	at crux.CompilerStageTests.lambda$codegen$9(CompilerStageTests.java:299)
Caused by: java.lang.Error: Assembling and linking failed
]]></error>
  </testcase>
  <testcase name="codegen" classname="crux.CompilerStageTests" time="0.28">
    <error type="java.util.concurrent.ExecutionException"><![CDATA[java.util.concurrent.ExecutionException: java.lang.Error: Assembling and linking failed
	at crux.CompilerStageTests.lambda$codegen$9(CompilerStageTests.java:299)
Caused by: java.lang.Error: Assembling and linking failed
]]></error>
  </testcase>
  <testcase name="codegen" classname="crux.CompilerStageTests" time="0.193">
    <error type="java.util.concurrent.ExecutionException"><![CDATA[java.util.concurrent.ExecutionException: java.lang.Error: Assembling and linking failed
	at crux.CompilerStageTests.lambda$codegen$9(CompilerStageTests.java:299)
Caused by: java.lang.Error: Assembling and linking failed
]]></error>
  </testcase>
  <testcase name="codegen" classname="crux.CompilerStageTests" time="0.239">
    <error type="java.util.concurrent.ExecutionException"><![CDATA[java.util.concurrent.ExecutionException: java.lang.Error: Assembling and linking failed
	at crux.CompilerStageTests.lambda$codegen$9(CompilerStageTests.java:299)
Caused by: java.lang.Error: Assembling and linking failed
]]></error>
  </testcase>
  <testcase name="codegen" classname="crux.CompilerStageTests" time="0.201">
    <error type="java.util.concurrent.ExecutionException"><![CDATA[java.util.concurrent.ExecutionException: java.lang.Error: Assembling and linking failed
	at crux.CompilerStageTests.lambda$codegen$9(CompilerStageTests.java:299)
Caused by: java.lang.Error: Assembling and linking failed
]]></error>
  </testcase>
  <testcase name="codegen" classname="crux.CompilerStageTests" time="0.201">
    <error type="java.util.concurrent.ExecutionException"><![CDATA[java.util.concurrent.ExecutionException: java.lang.Error: Assembling and linking failed
	at crux.CompilerStageTests.lambda$codegen$9(CompilerStageTests.java:299)
Caused by: java.lang.Error: Assembling and linking failed
]]></error>
  </testcase>
  <testcase name="codegen" classname="crux.CompilerStageTests" time="0.272">
    <error type="java.util.concurrent.ExecutionException"><![CDATA[java.util.concurrent.ExecutionException: java.lang.Error: Assembling and linking failed
	at crux.CompilerStageTests.lambda$codegen$9(CompilerStageTests.java:299)
Caused by: java.lang.Error: Assembling and linking failed
]]></error>
  </testcase>
  <testcase name="codegen" classname="crux.CompilerStageTests" time="0.528">
    <error type="java.util.concurrent.ExecutionException"><![CDATA[java.util.concurrent.ExecutionException: java.lang.Error: Assembling and linking failed
	at crux.CompilerStageTests.lambda$codegen$9(CompilerStageTests.java:299)
Caused by: java.lang.Error: Assembling and linking failed
]]></error>
  </testcase>
  <testcase name="codegen" classname="crux.CompilerStageTests" time="0.336">
    <error type="java.util.concurrent.ExecutionException"><![CDATA[java.util.concurrent.ExecutionException: java.lang.Error: Assembling and linking failed
	at crux.CompilerStageTests.lambda$codegen$9(CompilerStageTests.java:299)
Caused by: java.lang.Error: Assembling and linking failed
]]></error>
  </testcase>
  <testcase name="codegen" classname="crux.CompilerStageTests" time="0.303">
    <error type="java.util.concurrent.ExecutionException"><![CDATA[java.util.concurrent.ExecutionException: java.lang.Error: Assembling and linking failed
	at crux.CompilerStageTests.lambda$codegen$9(CompilerStageTests.java:299)
Caused by: java.lang.Error: Assembling and linking failed
]]></error>
  </testcase>
  <testcase name="codegen" classname="crux.CompilerStageTests" time="0.265">
    <error type="java.util.concurrent.ExecutionException"><![CDATA[java.util.concurrent.ExecutionException: java.lang.Error: Assembling and linking failed
	at crux.CompilerStageTests.lambda$codegen$9(CompilerStageTests.java:299)
Caused by: java.lang.Error: Assembling and linking failed
]]></error>
  </testcase>
  <testcase name="codegen" classname="crux.CompilerStageTests" time="0.369">
    <error type="java.util.concurrent.ExecutionException"><![CDATA[java.util.concurrent.ExecutionException: java.lang.Error: Assembling and linking failed
	at crux.CompilerStageTests.lambda$codegen$9(CompilerStageTests.java:299)
Caused by: java.lang.Error: Assembling and linking failed
]]></error>
  </testcase>
  <testcase name="codegen" classname="crux.CompilerStageTests" time="0.373">
    <error type="java.util.concurrent.ExecutionException"><![CDATA[java.util.concurrent.ExecutionException: java.lang.Error: Assembling and linking failed
	at crux.CompilerStageTests.lambda$codegen$9(CompilerStageTests.java:299)
Caused by: java.lang.Error: Assembling and linking failed
]]></error>
  </testcase>
  <testcase name="codegen" classname="crux.CompilerStageTests" time="0.262">
    <error type="java.util.concurrent.ExecutionException"><![CDATA[java.util.concurrent.ExecutionException: java.lang.Error: Assembling and linking failed
	at crux.CompilerStageTests.lambda$codegen$9(CompilerStageTests.java:299)
Caused by: java.lang.Error: Assembling and linking failed
]]></error>
  </testcase>
  <testcase name="codegen" classname="crux.CompilerStageTests" time="0.326">
    <error type="java.util.concurrent.ExecutionException"><![CDATA[java.util.concurrent.ExecutionException: java.lang.Error: Assembling and linking failed
	at crux.CompilerStageTests.lambda$codegen$9(CompilerStageTests.java:299)
Caused by: java.lang.Error: Assembling and linking failed
]]></error>
  </testcase>
  <testcase name="codegen" classname="crux.CompilerStageTests" time="0.351">
    <error type="java.util.concurrent.ExecutionException"><![CDATA[java.util.concurrent.ExecutionException: java.lang.Error: Assembling and linking failed
	at crux.CompilerStageTests.lambda$codegen$9(CompilerStageTests.java:299)
Caused by: java.lang.Error: Assembling and linking failed
]]></error>
  </testcase>
  <testcase name="codegen" classname="crux.CompilerStageTests" time="0.434">
    <error type="java.util.concurrent.ExecutionException"><![CDATA[java.util.concurrent.ExecutionException: java.lang.Error: Assembling and linking failed
	at crux.CompilerStageTests.lambda$codegen$9(CompilerStageTests.java:299)
Caused by: java.lang.Error: Assembling and linking failed
]]></error>
  </testcase>
  <testcase name="codegen" classname="crux.CompilerStageTests" time="0.686">
    <error type="java.util.concurrent.ExecutionException"><![CDATA[java.util.concurrent.ExecutionException: java.lang.Error: Assembling and linking failed
	at crux.CompilerStageTests.lambda$codegen$9(CompilerStageTests.java:299)
Caused by: java.lang.Error: Assembling and linking failed
]]></error>
  </testcase>
  <testcase name="codegen" classname="crux.CompilerStageTests" time="0.346">
    <error type="java.util.concurrent.ExecutionException"><![CDATA[java.util.concurrent.ExecutionException: java.lang.Error: Assembling and linking failed
	at crux.CompilerStageTests.lambda$codegen$9(CompilerStageTests.java:299)
Caused by: java.lang.Error: Assembling and linking failed
]]></error>
  </testcase>
  <testcase name="codegen" classname="crux.CompilerStageTests" time="0.641">
    <error type="java.util.concurrent.ExecutionException"><![CDATA[java.util.concurrent.ExecutionException: java.lang.Error: Assembling and linking failed
	at crux.CompilerStageTests.lambda$codegen$9(CompilerStageTests.java:299)
Caused by: java.lang.Error: Assembling and linking failed
]]></error>
  </testcase>
  <testcase name="codegen" classname="crux.CompilerStageTests" time="0.415">
    <error type="java.util.concurrent.ExecutionException"><![CDATA[java.util.concurrent.ExecutionException: java.lang.Error: Assembling and linking failed
	at crux.CompilerStageTests.lambda$codegen$9(CompilerStageTests.java:299)
Caused by: java.lang.Error: Assembling and linking failed
]]></error>
  </testcase>
  <testcase name="codegen" classname="crux.CompilerStageTests" time="0.391">
    <error type="java.util.concurrent.ExecutionException"><![CDATA[java.util.concurrent.ExecutionException: java.lang.Error: Assembling and linking failed
	at crux.CompilerStageTests.lambda$codegen$9(CompilerStageTests.java:299)
Caused by: java.lang.Error: Assembling and linking failed
]]></error>
  </testcase>
  <testcase name="codegen" classname="crux.CompilerStageTests" time="0.396">
    <error type="java.util.concurrent.ExecutionException"><![CDATA[java.util.concurrent.ExecutionException: java.lang.Error: Assembling and linking failed
	at crux.CompilerStageTests.lambda$codegen$9(CompilerStageTests.java:299)
Caused by: java.lang.Error: Assembling and linking failed
]]></error>
  </testcase>
  <testcase name="codegen" classname="crux.CompilerStageTests" time="0.334">
    <error type="java.util.concurrent.ExecutionException"><![CDATA[java.util.concurrent.ExecutionException: java.lang.Error: Assembling and linking failed
	at crux.CompilerStageTests.lambda$codegen$9(CompilerStageTests.java:299)
Caused by: java.lang.Error: Assembling and linking failed
]]></error>
  </testcase>
  <testcase name="codegen" classname="crux.CompilerStageTests" time="0.351">
    <error type="java.util.concurrent.ExecutionException"><![CDATA[java.util.concurrent.ExecutionException: java.lang.Error: Assembling and linking failed
	at crux.CompilerStageTests.lambda$codegen$9(CompilerStageTests.java:299)
Caused by: java.lang.Error: Assembling and linking failed
]]></error>
  </testcase>
  <testcase name="codegen" classname="crux.CompilerStageTests" time="0.343">
    <error type="java.util.concurrent.ExecutionException"><![CDATA[java.util.concurrent.ExecutionException: java.lang.Error: Assembling and linking failed
	at crux.CompilerStageTests.lambda$codegen$9(CompilerStageTests.java:299)
Caused by: java.lang.Error: Assembling and linking failed
]]></error>
  </testcase>
</testsuite>